<?xml version="1.0" encoding="UTF-8"?>
<!-- Generated by org.testng.reporters.JUnitReportReporter -->
<testsuite hostname="Deepak-PC" name="GetScreenshot.screenshotGoogle" tests="1" failures="0" timestamp="11 Jul 2017 08:53:00 GMT" time="9.602" errors="0">
  <testcase name="TestJavaS1" time="9.602" classname="GetScreenshot.screenshotGoogle"/>
</testsuite> <!-- GetScreenshot.screenshotGoogle -->
