<?xml version="1.0" encoding="UTF-8"?>
<!-- Generated by org.testng.reporters.JUnitReportReporter -->
<testsuite hostname="Deepak-PC" name="VerifyError.VerifyErrorMessage" tests="1" failures="0" timestamp="4 Jul 2017 14:01:36 GMT" time="7.291" errors="0">
  <testcase name="myTest" time="7.291" classname="VerifyError.VerifyErrorMessage"/>
</testsuite> <!-- VerifyError.VerifyErrorMessage -->
