<?xml version="1.0" encoding="UTF-8"?>
<!-- Generated by org.testng.reporters.JUnitReportReporter -->
<testsuite hostname="Deepak" name="crossBrowser.VerifyTitle" tests="3" failures="0" timestamp="11 Sep 2017 11:50:28 GMT" time="105.542" errors="0">
  <testcase name="verifypageTitle" time="16.109" classname="crossBrowser.VerifyTitle"/>
  <testcase name="verifypageTitle" time="77.247" classname="crossBrowser.VerifyTitle"/>
  <testcase name="verifypageTitle" time="12.186" classname="crossBrowser.VerifyTitle"/>
</testsuite> <!-- crossBrowser.VerifyTitle -->
