<?xml version="1.0" encoding="UTF-8"?>
<!-- Generated by org.testng.reporters.JUnitReportReporter -->
<testsuite hostname="Deepak-PC" name="Basic.TestScript" tests="6" failures="0" timestamp="8 Aug 2017 11:56:19 GMT" time="95.635" errors="0">
  <testcase name="secondPagination" time="27.641" classname="Basic.TestScript"/>
  <testcase name="scrollUp" time="8.162" classname="Basic.TestScript"/>
  <testcase name="PageScroll" time="5.251" classname="Basic.TestScript"/>
  <testcase name="thirdPagination" time="24.537" classname="Basic.TestScript"/>
  <testcase name="URLGet" time="7.410" classname="Basic.TestScript"/>
  <testcase name="firstPagination" time="22.634" classname="Basic.TestScript"/>
</testsuite> <!-- Basic.TestScript -->
