<?xml version="1.0" encoding="UTF-8"?>
<!-- Generated by org.testng.reporters.JUnitReportReporter -->
<testsuite hostname="Deepak-PC" name="DataDriven.FacebookLogin" tests="5" failures="0" timestamp="14 Jul 2017 11:41:38 GMT" time="17.354" errors="0">
  <testcase name="loginApp" time="2.441" classname="DataDriven.FacebookLogin"/>
  <testcase name="logoutApp" time="6.550" classname="DataDriven.FacebookLogin"/>
  <testcase name="loginApp" time="2.371" classname="DataDriven.FacebookLogin"/>
  <testcase name="loginApp" time="2.220" classname="DataDriven.FacebookLogin"/>
  <testcase name="startApp" time="3.772" classname="DataDriven.FacebookLogin"/>
</testsuite> <!-- DataDriven.FacebookLogin -->
