<?xml version="1.0" encoding="UTF-8"?>
<!-- Generated by org.testng.reporters.JUnitReportReporter -->
<testsuite hostname="Deepak" name="Basic.GetLink" tests="1" failures="0" timestamp="25 Sep 2017 12:04:22 GMT" time="4.730" errors="0">
  <testcase name="Login" time="4.730" classname="Basic.GetLink"/>
</testsuite> <!-- Basic.GetLink -->
